# JRE version: Java(TM) SE Runtime Environment (8.0_40-b25) (build 1.8.0_40-b25)
# Java VM: Java HotSpot(TM) 64-Bit Server VM (25.40-b25 mixed mode bsd-amd64 compressed oops)
Heap:
 par new generation   total 306688K, used 140473K [0x0000000780000000, 0x0000000794cc0000, 0x0000000794cc0000)
  eden space 272640K,  42% used [0x0000000780000000, 0x00000007871aad80, 0x0000000790a40000)
  from space 34048K,  70% used [0x0000000792b80000, 0x0000000794303740, 0x0000000794cc0000)
  to   space 34048K,   0% used [0x0000000790a40000, 0x0000000790a40000, 0x0000000792b80000)
 concurrent mark-sweep generation total 707840K, used 5773K [0x0000000794cc0000, 0x00000007c0000000, 0x00000007c0000000)
 Metaspace       used 21297K, capacity 21552K, committed 21960K, reserved 1069056K
  class space    used 2734K, capacity 2823K, committed 2944K, reserved 1048576K
GC Heap History (4 events):
Event: 2.575 GC heap before
{Heap before GC invocations=0 (full 0):
 par new generation   total 306688K, used 70910K [0x0000000780000000, 0x0000000794cc0000, 0x0000000794cc0000)
  eden space 272640K,  26% used [0x0000000780000000, 0x000000078453f9d8, 0x0000000790a40000)
  from space 34048K,   0% used [0x0000000790a40000, 0x0000000790a40000, 0x0000000792b80000)
  to   space 34048K,   0% used [0x0000000792b80000, 0x0000000792b80000, 0x0000000794cc0000)
 concurrent mark-sweep generation total 707840K, used 0K [0x0000000794cc0000, 0x00000007c0000000, 0x00000007c0000000)
 Metaspace       used 10294K, capacity 10388K, committed 10496K, reserved 1058816K
  class space    used 1217K, capacity 1237K, committed 1280K, reserved 1048576K
Event: 2.610 GC heap after
Heap after GC invocations=1 (full 1):
 par new generation   total 306688K, used 0K [0x0000000780000000, 0x0000000794cc0000, 0x0000000794cc0000)
  eden space 272640K,   0% used [0x0000000780000000, 0x0000000780000000, 0x0000000790a40000)
  from space 34048K,   0% used [0x0000000790a40000, 0x0000000790a40000, 0x0000000792b80000)
  to   space 34048K,   0% used [0x0000000792b80000, 0x0000000792b80000, 0x0000000794cc0000)
 concurrent mark-sweep generation total 707840K, used 5773K [0x0000000794cc0000, 0x00000007c0000000, 0x00000007c0000000)
 Metaspace       used 10294K, capacity 10388K, committed 10496K, reserved 1058816K
  class space    used 1217K, capacity 1237K, committed 1280K, reserved 1048576K
}
Event: 10.099 GC heap before
{Heap before GC invocations=1 (full 2):
 par new generation   total 306688K, used 272640K [0x0000000780000000, 0x0000000794cc0000, 0x0000000794cc0000)
  eden space 272640K, 100% used [0x0000000780000000, 0x0000000790a40000, 0x0000000790a40000)
  from space 34048K,   0% used [0x0000000790a40000, 0x0000000790a40000, 0x0000000792b80000)
  to   space 34048K,   0% used [0x0000000792b80000, 0x0000000792b80000, 0x0000000794cc0000)
 concurrent mark-sweep generation total 707840K, used 5773K [0x0000000794cc0000, 0x00000007c0000000, 0x00000007c0000000)
 Metaspace       used 18071K, capacity 18314K, committed 18432K, reserved 1064960K
  class space    used 2198K, capacity 2278K, committed 2304K, reserved 1048576K
Event: 10.138 GC heap after
Heap after GC invocations=2 (full 2):
 par new generation   total 306688K, used 24077K [0x0000000780000000, 0x0000000794cc0000, 0x0000000794cc0000)
  eden space 272640K,   0% used [0x0000000780000000, 0x0000000780000000, 0x0000000790a40000)
  from space 34048K,  70% used [0x0000000792b80000, 0x0000000794303740, 0x0000000794cc0000)
  to   space 34048K,   0% used [0x0000000790a40000, 0x0000000790a40000, 0x0000000792b80000)
 concurrent mark-sweep generation total 707840K, used 5773K [0x0000000794cc0000, 0x00000007c0000000, 0x00000007c0000000)
 Metaspace       used 18071K, capacity 18314K, committed 18432K, reserved 1064960K
  class space    used 2198K, capacity 2278K, committed 2304K, reserved 1048576K
}

